C:\Elicit\Elicit\src\components\about\about.js
C:\Elicit\Elicit\src\components\about\about.js.map
C:\Elicit\Elicit\src\components\header\header.js
C:\Elicit\Elicit\src\components\header\header.js.map
C:\Elicit\Elicit\src\components\contact\contact.js
C:\Elicit\Elicit\src\components\contact\contact.js.map
C:\Elicit\Elicit\src\components\home\home.js
C:\Elicit\Elicit\src\components\home\home.js.map
C:\Elicit\Elicit\src\components\index.js
C:\Elicit\Elicit\src\components\index.js.map
C:\Elicit\Elicit\src\app.js
C:\Elicit\Elicit\src\app.js.map
C:\Elicit\Elicit\src\router.js
C:\Elicit\Elicit\src\router.js.map
C:\Elicit\Elicit\src\index.js
C:\Elicit\Elicit\src\index.js.map
C:\Elicit\Elicit\src\interface\IButtonProps.js
C:\Elicit\Elicit\src\interface\IButtonProps.js.map
C:\Elicit\Elicit\src\interface\index.js
C:\Elicit\Elicit\src\interface\index.js.map
C:\Elicit\Elicit\src\Common\Components\Form\button.js
C:\Elicit\Elicit\src\Common\Components\Form\button.js.map
C:\Elicit\Elicit\src\Common\Components\Form\index.js
C:\Elicit\Elicit\src\Common\Components\Form\index.js.map
